<?xml version="1.0" encoding="UTF-8"?>
<testng-results skipped="0" failed="0" ignored="0" total="1" passed="1">
  <reporter-output>
  </reporter-output>
  <suite name="Suite" duration-ms="37840" started-at="2018-07-26T07:00:29Z" finished-at="2018-07-26T07:01:07Z">
    <groups>
    </groups>
    <test name="Test" duration-ms="37840" started-at="2018-07-26T07:00:29Z" finished-at="2018-07-26T07:01:07Z">
      <class name="com.TestCases.TC_06_MyStoreFilterValidations">
        <test-method status="PASS" signature="MyStoreFilterValidations()[pri:0, instance:com.TestCases.TC_06_MyStoreFilterValidations@6a41eaa2]" name="MyStoreFilterValidations" duration-ms="35410" started-at="2018-07-26T07:00:31Z" finished-at="2018-07-26T07:01:06Z">
          <reporter-output>
          </reporter-output>
        </test-method> <!-- MyStoreFilterValidations -->
      </class> <!-- com.TestCases.TC_06_MyStoreFilterValidations -->
    </test> <!-- Test -->
  </suite> <!-- Suite -->
</testng-results>
